Read 103 molecules from input file.
(1/103) Predicted Spectra for 74436 CCCCCCCCCCCCCCCCNCCCCCCCCCCCCCCCCCC(C)C
(2/103) Predicted Spectra for 74437 CCCCCCC(CCCC)CN(CC(CCCC)CCCCCC)CC(CCCC)CCCCCC
(3/103) Predicted Spectra for 74438 CCCCCCCCCC(CCCCCCCCCCC(CCCCC)CCCCC)CN(CC)CC
(4/103) Predicted Spectra for 74439 CCCCCCCCC(CCCCCCCC)(CCCCCCCC)CCCCCCCCCCCN
(5/103) Predicted Spectra for 74440 CCCCCCCCCC(CCCCCCCCCCC(CCCCC)CCCCC)CCCN(C)C
(6/103) Predicted Spectra for 74441 CCCCCCCCCCCCCCCCCCCCCCCN(C)CCCCCCCCCCCC
(7/103) Predicted Spectra for 74442 CCCCCCCCC(CCCCCCC(C)C)N(CCCCCCCC)CCCCCCCC(C)C
(8/103) Predicted Spectra for 74443 CCCCCCCCC(CCCCCCCC)CNCC(CCCCCCCC)CCCCCCCC
(9/103) Predicted Spectra for 74444 CCCCCCCCCCC(CCCCCC)CNCC(CCCCCC)CCCCCCCCCC
(10/103) Predicted Spectra for 74445 CCCCCCC(CCCC)C(CCCCCC)(CCCCCC)N(CCCCCC)CCCCCC
(11/103) Predicted Spectra for 74446 CCCCCCCCCCCCCCCCCCCCCCN(CCCCCCC)CCCCCCC
(12/103) Predicted Spectra for 74447 CCCCCCCCCCCCCCCCCCCCCCN(CC)CCCCCCCCCCCC
(13/103) Predicted Spectra for 74448 CCCCCCCCCCCCCCCCCCCCCCCCCCCCNCCCCCCCC
(14/103) Predicted Spectra for 74449 CCCCCCCCCCC(C)N(C(C)CCCCCCCCCC)C(C)CCCCCCCCCC
(15/103) Predicted Spectra for 74450 CCCCCCCCCCCCCCCC(C)(C)N(CCCCCCCCC)CCCCCCCCC
(16/103) Predicted Spectra for 74451 CCCCCCCCCCCCCCCCN(CCCCCCCC(C)C)CCCCCCCC(C)C
(17/103) Predicted Spectra for 74452 CCCCCCCCCCCCCCN(CCCCCCCCC(C)C)CCCCCCCCC(C)C
(18/103) Predicted Spectra for 74453 CCCCCCCCCCCCCCCCN(CCCCCCCCCC)CCCCCCCCCC
(19/103) Predicted Spectra for 74454 CCCCCCCCCCN(CCCCCCCCCC)CCCCCCCCCCCCCC(C)C
(20/103) Predicted Spectra for 74455 CCCCCCCCCCCCCCCN(CCCCCC)CCCCCCCCCCCCCCC
(21/103) Predicted Spectra for 74456 CCCCCCCCCCCCCCCN(CCCCCCCCCCCCCCC)C(C)(C)CCC
(22/103) Predicted Spectra for 74457 CCCCCCCCCCCCCCCCN(C(C)(C)CCCCCCC)C(C)(C)CCCCCCC
(23/103) Predicted Spectra for 74458 CCCCCCCCCCCCCCN(CCCCCCCCCCCCCC)C(C)(C)CC(C)(C)C
(24/103) Predicted Spectra for 74459 CCCCN(CCCCCCCCCCCCCC(C)C)CCCCCCCCCCCCCC(C)C
(25/103) Predicted Spectra for 74460 CCCCCCCCCCCCCN(CCCCCCCCCCCCC)CCCCCCCC(C)C
(26/103) Predicted Spectra for 74461 CCCCCCCCCCCCCCCN(CCCCCCCCCCCCCCC)CCCC(C)C
(27/103) Predicted Spectra for 74462 CCCCCCCCCCCCCCN(C(C)(C)CCCCCCCC)C(C)(C)CCCCCCCC
(28/103) Predicted Spectra for 74463 CCCCCCCCN(CCCCCCCCCCCC(C)C)CCCCCCCCCCCC(C)C
(29/103) Predicted Spectra for 74464 CCCCCCCCCN(CCCCCCCCC)CCCCCCCCCCCCCCCC(C)C
(30/103) Predicted Spectra for 74465 CCCCCCCCCCCCCC(C)(C)N(CCCCCCCCCC)CCCCCCCCCC
(31/103) Predicted Spectra for 74466 CCCCCCCCCCCCCCC(C)(C)N(CC)C(C)(C)CCCCCCCCCCCCCC
(32/103) Predicted Spectra for 74467 CCCCCCCCCCCCCCN(CCCCCCCCCCCCCC)CCCCCC(C)C
(33/103) Predicted Spectra for 74468 CCN(CCCCCCCCCCCCCCC(C)C)CCCCCCCCCCCCCCC(C)C
(34/103) Predicted Spectra for 74469 CCCCCCCCCCN(CCCCCCCCCCC(C)C)CCCCCCCCCCC(C)C
(35/103) Predicted Spectra for 74470 CCCCCCCCCCCCCCCCCN(CC)CCCCCCCCCCCCCCCCC
(36/103) Predicted Spectra for 74471 CCCCCCCCCCCCCCCCCCN(CCCCCCC(C)C)CCCCCCC(C)C
(37/103) Predicted Spectra for 74472 CCCCCCN(CCCCCCCCCCCCC(C)C)CCCCCCCCCCCCC(C)C
(38/103) Predicted Spectra for 74473 CCCCCCCCCCCCCN(CCCCCCCCCCCCC)C(C)(C)CCCCCCC
(39/103) Predicted Spectra for 74474 CCCCCCCCCCCCCCN(CCCCCCCC)CCCCCCCCCCCCCC
(40/103) Predicted Spectra for 74475 CCCCCCCCCCCC(C)(C)N(CCCCCCCC)C(C)(C)CCCCCCCCCCC
(41/103) Predicted Spectra for 74476 CCCCCCCCCCCN(CCCCCCCCCCC)CCCCCCCCCCCC(C)C
(42/103) Predicted Spectra for 74477 CCCCCCCCCCCCC(C)(C)N(CCCCCC)C(C)(C)CCCCCCCCCCCC
(43/103) Predicted Spectra for 74478 CCCCCCCCCCCCCCCCCCN(C(C)(C)CCCCCC)C(C)(C)CCCCCC
(44/103) Predicted Spectra for 74479 CCCCCCCCCCCCCC(C)(C)N(CCCC)C(C)(C)CCCCCCCCCCCCC
(45/103) Predicted Spectra for 74480 CCCCCCCCCCCCCCN(CCCCCCCCCCC)CCCCCCCCCCC
(46/103) Predicted Spectra for 74481 CCCCCCCCCCCN(CCCCCCCCCCC)C(C)(C)CCCCCCCCCCC
(47/103) Predicted Spectra for 74482 CCCCCCCCCCN(C(C)(C)CCCCCCCCCC)C(C)(C)CCCCCCCCCC
(48/103) Predicted Spectra for 74483 CCCCCCCCCCCCCN(CCCCCCCCCC)CCCCCCCCCCCCC
(49/103) Predicted Spectra for 74484 CCCCCCCCCC(C)(C)N(C(C)(C)CCCCCCCCC)C(C)(C)CCCCCCCCC
(50/103) Predicted Spectra for 74485 CCCCCCCCCCCCCCCCN(CCCCCC)CCCCCCCCCCCCCC
(51/103) Predicted Spectra for 74486 CCCCCCCCCCCCCCCCN(CCCCCCCCCCCCCCCC)CC(C)C
(52/103) Predicted Spectra for 74487 CCCCCCCCCCCCCCC(CCCCCCCCCCCCCC)C(C)C(C)(N)C(C)C
(53/103) Predicted Spectra for 74488 CCC(C)(C)CCCC(C)(C)CC(CC(C)(C)CCCC(C)(C)CC(C)C)C(C)(C)CCCC(C)(C)N
(54/103) Predicted Spectra for 74489 CCCCCCCCCCCCCCCCCCCCCCCCCCCCCCCCCCC(C)N
(55/103) Predicted Spectra for 74490 CCCCCCCCCCCCCCCCCC(CCCCCCCCCCCCCCCCC)NC
(56/103) Predicted Spectra for 74491 CC(C)CCCCCCCCCCCCCCCCCCCCCCCCCCCCCCCCCN
(57/103) Predicted Spectra for 74492 CCCCCCCCCCCCCCCCCCNC(C)(C)CCCCCCCCCCCCCCC
(58/103) Predicted Spectra for 74493 CCCCCCCCCCCCCCCCCCN(CCCCCCCCC)CCCCCCCCC
(59/103) Predicted Spectra for 74494 CCCCCCCCCCCCCCCCCCC(CCCCCCCC)CCCCCCCCCN
(60/103) Predicted Spectra for 74495 CCCCCCCCCCCC(C)N(CCCCCCCCCC)C(C)CCCCCCCCCCC
(61/103) Predicted Spectra for 74496 CCCCCCCCCCCCCCCCCCCCCCCCCCCCCCCCCCN(C)C
(62/103) Predicted Spectra for 74497 CCCCCCCCCCCCCCCCC(N)(CCC)CCCCCCCCCCCCCCCC
(63/103) Predicted Spectra for 74498 CCCCCCCCCCCCCCCCC(CCCN)CCCCCCCCCCCCCCCC
(64/103) Predicted Spectra for 74499 CCCCCCCCCCCCCCCCCCC(CCCCCCCCC)NCCCCCCCC
(65/103) Predicted Spectra for 74500 CCCCCCCCCCCCCCCCCCN(CC)CCCCCCCCCCCCCCCC
(66/103) Predicted Spectra for 74501 CCCCCCCCCCCCCCCCCC(N)(CC)CCCCCCCCCCCCCCCC
(67/103) Predicted Spectra for 74502 CCCCCCCCCCCCCCCCCCNC(CC)CCCCCCCCCCCCCCC
(68/103) Predicted Spectra for 74503 CCCCC(CCC)(CCCC)N(C(CCC)(CCCC)CCCC)C(CCC)(CCCC)CCCC
(69/103) Predicted Spectra for 74504 CCCCCCCCCCCCN(CCCCCCCCCCCC)CCCCCCCCCC(C)C
(70/103) Predicted Spectra for 74505 CCCCCCCCCCCCC(N)(CCCCCCCCCCC)CCCCCCCCCCCC
(71/103) Predicted Spectra for 74506 CCCCCCCCCCCCCCCCC(CCCCCCCCCCCCCCCC)C(C)(C)N
(72/103) Predicted Spectra for 74507 CCCCCCCCCCCCCCCCN(CCCCCCCCCCCCCCCC)C(C)(C)C
(73/103) Predicted Spectra for 74508 CCCCCCCCCCCCCCCCC(C)NC(C)CCCCCCCCCCCCCCCC
(74/103) Predicted Spectra for 74509 CCCCCCCCCCCCCCCCC(CCCCCC)C(N)(CCCCCC)CCCCCC
(75/103) Predicted Spectra for 74510 CCCCCCC(CCCCCC)(CCCCCC)CCCCCCCCCCCCCCCCCN
(76/103) Predicted Spectra for 74511 CCCCCCCCCCCCCCCCCC(N)C(C)(C)CCCCCCCCCCCCCCC
(77/103) Predicted Spectra for 74512 CCCCCCCCCCCCCCCCC(CCCCCCCCCCCCCCCC)CN(C)C
(78/103) Predicted Spectra for 74513 CCCCCCCCCCCCCCCCC(C)(CCCCCCCCCCCCCCCC)N(C)C
(79/103) Predicted Spectra for 74514 CCCCCCCCCCCCCCCCCCCC(N)CCCCCCCCCCCCCCCC
(80/103) Predicted Spectra for 74515 CCCCCCCCCCCCCCCCN(CCCC)CCCCCCCCCCCCCCCC
(81/103) Predicted Spectra for 74516 CCCCCCCCCCCCCCCC(C)(C)NC(C)(C)CCCCCCCCCCCCCCC
(82/103) Predicted Spectra for 74517 CCCCCCCCCCCCCCCCCCN(C)CCCCCCCCCCCCCCCCC
(83/103) Predicted Spectra for 74518 CCCCCCCCCCCCCCCCCCCCC(CN)CCCCCCCCCCCCCC
(84/103) Predicted Spectra for 74519 CCCCCCCCCCCCNC(CCCCCCCCCCC)CCCCCCCCCCCC
(85/103) Predicted Spectra for 74520 CCCCCCCCCCCCCCCCCCCN(C)CCCCCCCCCCCCCCCC
(86/103) Predicted Spectra for 74521 CCCCCCCCCCCCCCCCCCC(CN)CCCCCCCCCCCCCCCC
(87/103) Predicted Spectra for 74522 CCCCCCCCCCCCCCCCCCC(N)CCCCCCCCCCCCCCCCC
(88/103) Predicted Spectra for 74523 CCCCCCCCCC(CCCCCCCC)NC(CCCCCCCC)CCCCCCCCC
(89/103) Predicted Spectra for 74524 CCCCCCCCCCCC(C)C(N)(CCCCCCCCCCC)CCCCCCCCCCC
(90/103) Predicted Spectra for 74525 CCCCCCCCCCCCCCCCCCC(CCCCCCCCCCCCCCC)N(C)C
(91/103) Predicted Spectra for 74526 CC(C)CCCCCCCCCCCCCCCNCCCCCCCCCCCCCCCC(C)C
(92/103) Predicted Spectra for 74527 CCCCCCCCCCCCCCCCCCN(CCCCCCCC)CCCCCCCCCC
(93/103) Predicted Spectra for 74528 CCCCCCCCCCCCCCCCCCCCN(CC)CCCCCCCCCCCCCC
(94/103) Predicted Spectra for 74529 CCCCCCCCCCCCCCCCCCCCCCCCNCCCCCCCCCCCC
(95/103) Predicted Spectra for 74530 CCCCCCCCCCCCCCCCCCCCNCCCCCCCCCCCCCCCC
(96/103) Predicted Spectra for 74531 CCCCCCCCCCCCCCCCCCCCCCNCCCCCCCCCCCCCC
(97/103) Predicted Spectra for 74532 CCCCCCCCCCC(CCCCCCCC)C(N)(CCCCCCCC)CCCCCCCC
(98/103) Predicted Spectra for 74533 CCCCCCCCCCCCCCCCCC(CCCCCCCCCCCCCCCC)N(C)C
(99/103) Predicted Spectra for 74534 CCCCCCCCCCCCCCCCCCCCCCCCCCCCCCCCCCCCN
(100/103) Predicted Spectra for 74535 CC(C)CCCCCCCCCN(CCCCCCCCCC(C)C)CCCCCCCCCC(C)C
(101/103) Predicted Spectra for 74536 CCCCCCCCC(CC)CN(CC(CC)CCCCCCCC)CC(CC)CCCCCCCC
(102/103) Predicted Spectra for 74537 CCCCCCCCCCCCCCCCCCNCCCCCCCCCCCCCCCCCC
(103/103) Predicted Spectra for 1196803 CCCCCCCCCCCCN(CCCCCCCCCCCC)CCCCCCCCCCCC
