# Native baseline setup and readiness audit
2026-06-29T12:56:18+08:00
root=/home/zhome/ec_structure/github_export/FragAnnotor
hostname=ad2012
python=/usr/bin/python3

{
  "server": {
    "cwd": "/home/zhome/ec_structure/github_export/FragAnnotor",
    "hostname": "ad2012",
    "platform": "Linux-6.8.0-48-generic-x86_64-with-glibc2.35",
    "python_version": "3.10.12 (main, Mar  3 2026, 11:56:32) [GCC 11.4.0]",
    "timestamp": "2026-06-29T04:56:18.528402+00:00"
  },
  "tools": [
    {
      "available": true,
      "blocker": "",
      "executable_path": "/usr/bin/java",
      "install_method": "system_path",
      "timestamp": "2026-06-29T04:56:18.528402+00:00",
      "tool": "Java",
      "verification_command": "/usr/bin/java -version",
      "verification_stderr": "openjdk version \"11.0.30\" 2026-01-20\nOpenJDK Runtime Environment (build 11.0.30+7-post-Ubuntu-1ubuntu122.04)\nOpenJDK 64-Bit Server VM (build 11.0.30+7-post-Ubuntu-1ubuntu122.04, mixed mode, sharing)",
      "verification_stdout": "",
      "version": "openjdk version \"11.0.30\" 2026-01-20"
    },
    {
      "available": true,
      "blocker": "",
      "executable_path": "/home/zhome/opt/sirius-4.9.15-headless/bin/sirius",
      "install_method": "existing_user_space_headless",
      "timestamp": "2026-06-29T04:56:18.528402+00:00",
      "tool": "SIRIUS",
      "verification_command": "/home/zhome/opt/sirius-4.9.15-headless/bin/sirius --version",
      "verification_stderr": "Jun 29, 2026 12:56:18 PM org.apache.commons.beanutils.FluentPropertyBeanIntrospector introspect\nINFO: Error when creating PropertyDescriptor for public final void org.apache.commons.configuration2.AbstractConfiguration.setProperty(java.lang.String,java.lang.Object)! Ignoring this property.\nINFO    12:56:19 - Sirius Workspace Successfull initialized at: /home/zhome/.sirius-4.9\nINFO    12:56:19 - You run SIRIUS 4.9.15\nINFO    12:56:19 - Sirius was compiled with the following ILP solvers: GLPK-v1.7.0 (included), Gurobi-v9.1.1, CPLEX-v12.7.1, COIN-OR-v1.17.3\nINFO    12:56:19 - Treebuilder priorities loaded from 'sirius.properties' are: [GUROBI, CPLEX, CLP, GLPK]\nINFO    12:56:19 - CPU check done. 96 cores that handle 192 threads were found.\nINFO    12:56:19 - Bug reporter initialized.\nINFO    12:56:19 - Web API initialized.\nINFO    12:56:19 - Running with following arguments: [--version]\nINFO    12:56:19 - Job manager successful initialized with 96 CPU thread(s) and 3 IO thread(s).\nINFO    12:56:19 - CLI shut down hook: SIRIUS is cleaning up threads and shuts down...",
      "verification_stdout": "SIRIUS 4.9.15\nSIRIUS lib: 4.6.1\nCSI:FingerID lib: 1.6.0",
      "version": "SIRIUS 4.9.15"
    },
    {
      "available": true,
      "blocker": "",
      "executable_path": "/home/zhome/opt/sirius-4.9.15-headless/bin/sirius",
      "install_method": "existing_user_space_headless",
      "timestamp": "2026-06-29T04:56:18.528402+00:00",
      "tool": "SIRIUS --help",
      "verification_command": "/home/zhome/opt/sirius-4.9.15-headless/bin/sirius --help",
      "verification_stderr": "Jun 29, 2026 12:56:21 PM org.apache.commons.beanutils.FluentPropertyBeanIntrospector introspect\nINFO: Error when creating PropertyDescriptor for public final void org.apache.commons.configuration2.AbstractConfiguration.setProperty(java.lang.String,java.lang.Object)! Ignoring this property.\nINFO    12:56:22 - Sirius Workspace Successfull initialized at: /home/zhome/.sirius-4.9\nINFO    12:56:22 - You run SIRIUS 4.9.15\nINFO    12:56:22 - Sirius was compiled with the following ILP solvers: GLPK-v1.7.0 (included), Gurobi-v9.1.1, CPLEX-v12.7.1, COIN-OR-v1.17.3\nINFO    12:56:22 - Treebuilder priorities loaded from 'sirius.properties' are: [GUROBI, CPLEX, CLP, GLPK]\nINFO    12:56:22 - CPU check done. 96 cores that handle 192 threads were found.\nINFO    12:56:22 - Bug reporter initialized.\nINFO    12:56:22 - Web API initialized.\nINFO    12:56:22 - Running with following arguments: [--help]\nINFO    12:56:22 - Job manager successful initialized with 96 CPU thread(s) and 3 IO thread(s).\nINFO    12:56:22 - CLI shut down hook: SIRIUS is cleaning up threads and shuts down...",
      "verification_stdout": "Usage: sirius [[-o=<outputProjectLocation>] [--update-fingerprint-version]\n              [--naming-convention=<projectSpaceFilenameFormatter>]]\n              [[[--ignore-formula] [--allow-ms1-only] -i=<inputPath>[,\n              <inputPath>...] [-i=<inputPath>[,<inputPath>...]]...]\n              [-z=<parentMz> [--adduct=<ionType>] [-f=<formula>] [-1=<ms1File>[,\n              <ms1File>...]] -2=<ms2File>[,<ms2File>...]]...] [-hV] [--noCite]\n              [--noSummaries] [--recompute]\n              [--compound-buffer=<initialInstanceBuffer>]\n              [--cores=<numOfCores>] [--log=<logLevel>] [--maxmz=<maxMz>]\n              [COMMAND]\n  -h, --help                Show this help message and exit.\n  -V, --version             Print version information and exit.\n      --log, --loglevel=<logLevel>\n                            Set logging level of the Jobs SIRIUS will execute.\n                              Valid values: SEVERE, WARNING, INFO, FINER, ALL\n                              Default: WARNING\n      --cores, --processors=<numOfCores>\n                            Number of cpu cores to use. If not specified Sirius\n                              uses all available cores.\n      --compound-buffer, --initial-compound-buffer=<initialInstanceBuffer>\n                            Number of compounds that will be loaded into the\n                              Memory. A larger buffer ensures that there are\n                              enough compounds available to use all cores\n                              efficiently during computation. A smaller buffer\n                              saves Memory. To load all compounds immediately\n                              set it to -1. Default (numeric value 0): 3 x\n                              --cores. Note that for <DATASET_TOOLS> the\n                              compound buffer may have no effect because this\n                              tools may have to load compounds simultaneously\n                              into the memory.\n                              Default: 0\n      --recompute           Recompute results of ALL tools where results are\n                              already present. Per default already present\n                              results will be preserved and the instance will\n                              be skipped for the corresponding Task/Tool\n      --maxmz=<maxMz>       Only considers compounds with a precursor m/z lower\n                              or equal [--maxmz]. All other compounds in the\n                              input will be skipped.\n                              Default: Infinity\n      --noSummaries, --no-summaries\n                            Do not write summary files to the project-space\n      --noCite, --noCitations, --no-citations\n                            Do not write summary files to the project-space\nSpecify OUTPUT Project-Space:\n  -o, --output, --project=<outputProjectLocation>\n                            Specify the project-space to write into. If no\n                              [--input] is specified it is also used as input.\n                              For compression use the File ending .zip or .\n                              sirius.\n      --naming-convention=<projectSpaceFilenameFormatter>\n                            Specify a naming scheme for the  compound\n                              directories ins the project-space. Default %\n                              index_%filename_%compoundname\n      --update-fingerprint-version\n                            Updates Fingerprint versions of the input project\n                              to the one used by this SIRIUS version.\n                            WARNING: All Fingerprint related results (CSI:\n                              FingerID, CANOPUS) will be lost!\nSpecify multi-compound inputs (.ms, .mgf, .mzML/.mzXml, .sirius):\n  -i, --input=<inputPath>[,<inputPath>...]\n                            Specify the input in multi-compound input formats:\n                              Preprocessed mass s",
      "version": "Usage: sirius [[-o=<outputProjectLocation>] [--update-fingerprint-version]"
    },
    {
      "available": false,
      "blocker": "CFM-ID executable is present, but available pretrained model/config smoke tests abort with Invalid Feature Configuration; no valid native CASMI CFM-ID benchmark scores are reported. Smoke log: /home/zhome/ec_structure/github_export/FragAnnotor/results/logs/native_smoke/cfmid/cfmid_model_smokes.log.",
      "executable_path": "/data/zhome/ec_structure_external_ms_models/envs/cfm_py36/bin/cfm-id",
      "install_method": "existing_external_environment",
      "timestamp": "2026-06-29T04:56:18.528402+00:00",
      "tool": "CFM-ID",
      "verification_command": "/data/zhome/ec_structure_external_ms_models/envs/cfm_py36/bin/cfm-id --version",
      "verification_stderr": "",
      "verification_stdout": "Usage: cfm-id.exe <spectrum_file> <id> <candidate_file> <num_highest> <ppm_mass_tol> <abs_mass_tol> <prob_thresh_for_prune> <param_filename> <config_filename> <score_type> <apply_postprocessing> <output_filename> <output_msp_or_mgf>\n\n\n\nspectrum_file:\nThe filename where the input spectra can be found. This can be a .msp file in which the desired spectrum is listed under a corresponding id (next arg). Or it could be a single file with a list of peaks 'mass intensity' delimited by lines, with either 'low','med' and 'high' lines beginning spectra of different energy levels, or 'energy0', 'energy1', etc. e.g.\nenergy0\n65.02 40.0\n86.11 60.0\nenergy1\n65.02 100.0 ... etc\n\nid:\nAn identifier for the target molecule (Used to retrieve input spectrum from msp (if used). Otherwise not used but printed to output, in case of multiple concatenated results)\n\ncandidate_file:\nThe filename where the input list of candidate structures can be found - line separated 'id smiles_or_inchi' pairs.\n\nnum_highest (opt):\nThe number of (ranked) candidates to return or -1 for all (if not given, returns all in ranked order)\n\nppm_mass_tol (opt):\nThe mass tolerance in ppm to use when matching peaks within the dot product comparison - will use higher resulting tolerance of ppm and abs (if not given defaults to 10ppm)\n\nabs_mass_tol (opt):\nThe mass tolerance in abs Da to use when matching peaks within the dot product comparison - will use higher resulting tolerance of ppm and abs ( if not given defaults to 0.01Da)\n\nprob_thresh_for_prune (opt):\nThe probabiltiy threshold at which to prune unlikely fragmnetations (default 0.001)\n\nparam_filename (opt):\nThe filename where the parameters of a trained cfm model can be found (if not given, assumes param_output.log in current directory)\n\nconfig_filename (opt):\nThe filename where the configuration parameters of the cfm model can be found (if not given, assumes param_config.txt in current directory)\n\nscore_type (opt):\nThe type of scoring function to use when comparing spectra. Options: Jaccard (default for ESI-MS/MS), DotProduct (default for EI-MS)\n\napply_postprocessing (opt):\nWhether or not to post-process predicted spectra to take the top 80% of energy (at least 5 peaks), or the highest 30 peaks (whichever comes first) (0 = OFF (default for EI-MS), 1 = ON (default for ESI-MS/MS)).\n\noutput_filename (opt):\nThe filename of the output file to write to (if not given, prints to stdout)\n\noutput_msp_or_mgf (opt):\nThe filename for an output msp or mgf file to record predicted candidate spectra (if not given, doesn't save predicted spectra)",
      "version": "Usage: cfm-id.exe <spectrum_file> <id> <candidate_file> <num_highest> <ppm_mass_tol> <abs_mass_tol> <prob_thresh_for_prune> <param_filename> <config_filename> <score_type> <apply_postprocessing> <output_filename> <output_msp_or_mgf>"
    },
    {
      "available": false,
      "blocker": "ms2deepscore Python package and pretrained model are not available; no native MS2DeepScore inference was run.",
      "executable_path": "",
      "install_method": "not_installed",
      "timestamp": "2026-06-29T04:56:18.528402+00:00",
      "tool": "MS2DeepScore",
      "verification_command": "/usr/bin/python3 -c import ms2deepscore",
      "verification_stderr": "ms2deepscore package not installed",
      "verification_stdout": "",
      "version": ""
    },
    {
      "available": false,
      "blocker": "matchms package not installed; MS2DeepScore preprocessing remains unavailable.",
      "executable_path": "",
      "install_method": "not_installed",
      "timestamp": "2026-06-29T04:56:18.528402+00:00",
      "tool": "matchms",
      "verification_command": "/usr/bin/python3 -c import matchms",
      "verification_stderr": "matchms package not installed",
      "verification_stdout": "",
      "version": ""
    }
  ]
}

Native tool audit written to:
  /home/zhome/ec_structure/github_export/FragAnnotor/results/native_tool_ready_audit.json
  /home/zhome/ec_structure/github_export/FragAnnotor/results/native_tool_ready_audit.csv
  /home/zhome/ec_structure/github_export/FragAnnotor/results/logs/native_tool_setup_full.log
