# Native baseline setup audit
2026-06-29T09:55:23+08:00
root=/home/zhome/ec_structure/github_export/FragAnnotor

## Existing executables
cfmid           cfm-predict     cfm-id          sirius          java            git             /usr/bin/git
python3         /usr/bin/python3
pip3            /usr/bin/pip3
conda           mamba           
## Python packages
rdkit: True
ms2deepscore: False
matchms: False
torch: True
numpy: True
pandas: True
matplotlib: True
yaml: True

## Installation policy
This repository does not vendor native CFM-ID, SIRIUS, or MS2DeepScore model
artifacts. If conda/mamba is available, install tools into a named environment
and rerun scripts/run_benchmark.py. If a tool requires manual download, license
acceptance, or pretrained weights, this script records the blocker instead of
bypassing it.

Suggested reproducible commands where permitted:
  mamba create -n fragannotor-benchmark -c conda-forge python=3.10 rdkit matchms
  pip install ms2deepscore

SIRIUS CLI must be downloaded from the vendor distribution when not available
through the package manager. CFM-ID installation is platform-specific; expose
cfm-predict, cfm-id, or cfmid on PATH before requesting native CASMI baseline
inference.
